<?xml version="1.0" encoding="UTF-8"?>
<!-- Generated by org.testng.reporters.JUnitReportReporter -->
<testsuite skipped="0" hostname="Amrendra-Jha-ITL-437.local" name="newappAutomation.ProductSearchTestNG" tests="1" failures="0" timestamp="12 Nov 2019 11:22:27 GMT" time="258.069" errors="0">
  <testcase name="priceComparison" time="258.069" classname="newappAutomation.ProductSearchTestNG"/>
</testsuite> <!-- newappAutomation.ProductSearchTestNG -->
